have_func: checking for srand()... -------------------- yes

"gcc -o conftest -IC:/RailsInstaller/Ruby1.9.3/include/ruby-1.9.1/i386-mingw32 -IC:/RailsInstaller/Ruby1.9.3/include/ruby-1.9.1/ruby/backward -IC:/RailsInstaller/Ruby1.9.3/include/ruby-1.9.1 -I. -DFD_SETSIZE=2048  -DFD_SETSIZE=2048 -DVERSION=\"2.0.9\"  -O3 -fno-omit-frame-pointer -g -Wall -Wextra -Wno-unused-parameter -Wno-parentheses -Wno-long-long -Wno-missing-field-initializers -Wpointer-arith -Wwrite-strings -Wdeclaration-after-statement -Wimplicit-function-declaration -I. conftest.c  -L. -LC:/RailsInstaller/Ruby1.9.3/lib -L.   -march=i486   -lmsvcrt-ruby191  -lshell32 -lws2_32 -limagehlp -lshlwapi  "
checked program was:
/* begin */
1: #include "ruby.h"
2: 
3: #include <winsock2.h>
4: #include <windows.h>
5: int main(int argc, char **argv)
6: {
7:   return 0;
8: }
/* end */

"gcc -o conftest -IC:/RailsInstaller/Ruby1.9.3/include/ruby-1.9.1/i386-mingw32 -IC:/RailsInstaller/Ruby1.9.3/include/ruby-1.9.1/ruby/backward -IC:/RailsInstaller/Ruby1.9.3/include/ruby-1.9.1 -I. -DFD_SETSIZE=2048  -DFD_SETSIZE=2048 -DVERSION=\"2.0.9\"  -O3 -fno-omit-frame-pointer -g -Wall -Wextra -Wno-unused-parameter -Wno-parentheses -Wno-long-long -Wno-missing-field-initializers -Wpointer-arith -Wwrite-strings -Wdeclaration-after-statement -Wimplicit-function-declaration -I. conftest.c  -L. -LC:/RailsInstaller/Ruby1.9.3/lib -L.   -march=i486   -lmsvcrt-ruby191  -lshell32 -lws2_32 -limagehlp -lshlwapi  "
checked program was:
/* begin */
 1: #include "ruby.h"
 2: 
 3: #include <winsock2.h>
 4: #include <windows.h>
 5: 
 6: /*top*/
 7: int t() { void ((*volatile p)()); p = (void ((*)()))srand; return 0; }
 8: int main(int argc, char **argv)
 9: {
10:   if (argc > 1000000) {
11:     printf("%p", &t);
12:   }
13: 
14:   return 0;
15: }
/* end */

--------------------

have_func: checking for random()... -------------------- no

"gcc -o conftest -IC:/RailsInstaller/Ruby1.9.3/include/ruby-1.9.1/i386-mingw32 -IC:/RailsInstaller/Ruby1.9.3/include/ruby-1.9.1/ruby/backward -IC:/RailsInstaller/Ruby1.9.3/include/ruby-1.9.1 -I. -DFD_SETSIZE=2048  -DFD_SETSIZE=2048 -DVERSION=\"2.0.9\"  -O3 -fno-omit-frame-pointer -g -Wall -Wextra -Wno-unused-parameter -Wno-parentheses -Wno-long-long -Wno-missing-field-initializers -Wpointer-arith -Wwrite-strings -Wdeclaration-after-statement -Wimplicit-function-declaration -I. conftest.c  -L. -LC:/RailsInstaller/Ruby1.9.3/lib -L.   -march=i486   -lmsvcrt-ruby191  -lshell32 -lws2_32 -limagehlp -lshlwapi  "
conftest.c: In function 't':
conftest.c:7:53: error: 'random' undeclared (first use in this function)
conftest.c:7:53: note: each undeclared identifier is reported only once for each function it appears in
checked program was:
/* begin */
 1: #include "ruby.h"
 2: 
 3: #include <winsock2.h>
 4: #include <windows.h>
 5: 
 6: /*top*/
 7: int t() { void ((*volatile p)()); p = (void ((*)()))random; return 0; }
 8: int main(int argc, char **argv)
 9: {
10:   if (argc > 1000000) {
11:     printf("%p", &t);
12:   }
13: 
14:   return 0;
15: }
/* end */

"gcc -o conftest -IC:/RailsInstaller/Ruby1.9.3/include/ruby-1.9.1/i386-mingw32 -IC:/RailsInstaller/Ruby1.9.3/include/ruby-1.9.1/ruby/backward -IC:/RailsInstaller/Ruby1.9.3/include/ruby-1.9.1 -I. -DFD_SETSIZE=2048  -DFD_SETSIZE=2048 -DVERSION=\"2.0.9\"  -O3 -fno-omit-frame-pointer -g -Wall -Wextra -Wno-unused-parameter -Wno-parentheses -Wno-long-long -Wno-missing-field-initializers -Wpointer-arith -Wwrite-strings -Wdeclaration-after-statement -Wimplicit-function-declaration -I. conftest.c  -L. -LC:/RailsInstaller/Ruby1.9.3/lib -L.   -march=i486   -lmsvcrt-ruby191  -lshell32 -lws2_32 -limagehlp -lshlwapi  "
conftest.c: In function 't':
conftest.c:7:1: warning: implicit declaration of function 'random'
C:\Users\ROTAKH~1\AppData\Local\Temp\ccknKhc3.o: In function `t':
C:\Sites\teamup\vendor\juvia-master\help\ruby\1.9.1\gems\bluecloth-2.2.0\ext/conftest.c:7: undefined reference to `random'
collect2: ld returned 1 exit status
checked program was:
/* begin */
 1: #include "ruby.h"
 2: 
 3: #include <winsock2.h>
 4: #include <windows.h>
 5: 
 6: /*top*/
 7: int t() { random(); return 0; }
 8: int main(int argc, char **argv)
 9: {
10:   if (argc > 1000000) {
11:     printf("%p", &t);
12:   }
13: 
14:   return 0;
15: }
/* end */

--------------------

have_func: checking for rand()... -------------------- yes

"gcc -o conftest -IC:/RailsInstaller/Ruby1.9.3/include/ruby-1.9.1/i386-mingw32 -IC:/RailsInstaller/Ruby1.9.3/include/ruby-1.9.1/ruby/backward -IC:/RailsInstaller/Ruby1.9.3/include/ruby-1.9.1 -I. -DFD_SETSIZE=2048  -DFD_SETSIZE=2048 -DVERSION=\"2.0.9\"  -O3 -fno-omit-frame-pointer -g -Wall -Wextra -Wno-unused-parameter -Wno-parentheses -Wno-long-long -Wno-missing-field-initializers -Wpointer-arith -Wwrite-strings -Wdeclaration-after-statement -Wimplicit-function-declaration -I. conftest.c  -L. -LC:/RailsInstaller/Ruby1.9.3/lib -L.   -march=i486   -lmsvcrt-ruby191  -lshell32 -lws2_32 -limagehlp -lshlwapi  "
checked program was:
/* begin */
 1: #include "ruby.h"
 2: 
 3: #include <winsock2.h>
 4: #include <windows.h>
 5: 
 6: /*top*/
 7: int t() { void ((*volatile p)()); p = (void ((*)()))rand; return 0; }
 8: int main(int argc, char **argv)
 9: {
10:   if (argc > 1000000) {
11:     printf("%p", &t);
12:   }
13: 
14:   return 0;
15: }
/* end */

--------------------

have_func: checking for bzero() in string.h,strings.h... -------------------- no

"gcc -o conftest -IC:/RailsInstaller/Ruby1.9.3/include/ruby-1.9.1/i386-mingw32 -IC:/RailsInstaller/Ruby1.9.3/include/ruby-1.9.1/ruby/backward -IC:/RailsInstaller/Ruby1.9.3/include/ruby-1.9.1 -I. -DFD_SETSIZE=2048  -DFD_SETSIZE=2048 -DVERSION=\"2.0.9\"  -O3 -fno-omit-frame-pointer -g -Wall -Wextra -Wno-unused-parameter -Wno-parentheses -Wno-long-long -Wno-missing-field-initializers -Wpointer-arith -Wwrite-strings -Wdeclaration-after-statement -Wimplicit-function-declaration -I. conftest.c  -L. -LC:/RailsInstaller/Ruby1.9.3/lib -L.   -march=i486   -lmsvcrt-ruby191  -lshell32 -lws2_32 -limagehlp -lshlwapi  "
conftest.c: In function 't':
conftest.c:9:53: error: 'bzero' undeclared (first use in this function)
conftest.c:9:53: note: each undeclared identifier is reported only once for each function it appears in
checked program was:
/* begin */
 1: #include "ruby.h"
 2: 
 3: #include <winsock2.h>
 4: #include <windows.h>
 5: #include <string.h>
 6: #include <strings.h>
 7: 
 8: /*top*/
 9: int t() { void ((*volatile p)()); p = (void ((*)()))bzero; return 0; }
10: int main(int argc, char **argv)
11: {
12:   if (argc > 1000000) {
13:     printf("%p", &t);
14:   }
15: 
16:   return 0;
17: }
/* end */

"gcc -o conftest -IC:/RailsInstaller/Ruby1.9.3/include/ruby-1.9.1/i386-mingw32 -IC:/RailsInstaller/Ruby1.9.3/include/ruby-1.9.1/ruby/backward -IC:/RailsInstaller/Ruby1.9.3/include/ruby-1.9.1 -I. -DFD_SETSIZE=2048  -DFD_SETSIZE=2048 -DVERSION=\"2.0.9\"  -O3 -fno-omit-frame-pointer -g -Wall -Wextra -Wno-unused-parameter -Wno-parentheses -Wno-long-long -Wno-missing-field-initializers -Wpointer-arith -Wwrite-strings -Wdeclaration-after-statement -Wimplicit-function-declaration -I. conftest.c  -L. -LC:/RailsInstaller/Ruby1.9.3/lib -L.   -march=i486   -lmsvcrt-ruby191  -lshell32 -lws2_32 -limagehlp -lshlwapi  "
conftest.c: In function 't':
conftest.c:9:1: warning: implicit declaration of function 'bzero'
conftest.c:9:11: warning: incompatible implicit declaration of built-in function 'bzero'
conftest.c:9:1: error: too few arguments to function 'bzero'
checked program was:
/* begin */
 1: #include "ruby.h"
 2: 
 3: #include <winsock2.h>
 4: #include <windows.h>
 5: #include <string.h>
 6: #include <strings.h>
 7: 
 8: /*top*/
 9: int t() { bzero(); return 0; }
10: int main(int argc, char **argv)
11: {
12:   if (argc > 1000000) {
13:     printf("%p", &t);
14:   }
15: 
16:   return 0;
17: }
/* end */

--------------------

have_func: checking for strcasecmp()... -------------------- yes

"gcc -o conftest -IC:/RailsInstaller/Ruby1.9.3/include/ruby-1.9.1/i386-mingw32 -IC:/RailsInstaller/Ruby1.9.3/include/ruby-1.9.1/ruby/backward -IC:/RailsInstaller/Ruby1.9.3/include/ruby-1.9.1 -I. -DFD_SETSIZE=2048  -DFD_SETSIZE=2048 -DVERSION=\"2.0.9\"  -O3 -fno-omit-frame-pointer -g -Wall -Wextra -Wno-unused-parameter -Wno-parentheses -Wno-long-long -Wno-missing-field-initializers -Wpointer-arith -Wwrite-strings -Wdeclaration-after-statement -Wimplicit-function-declaration -I. conftest.c  -L. -LC:/RailsInstaller/Ruby1.9.3/lib -L.   -march=i486   -lmsvcrt-ruby191  -lshell32 -lws2_32 -limagehlp -lshlwapi  "
checked program was:
/* begin */
 1: #include "ruby.h"
 2: 
 3: #include <winsock2.h>
 4: #include <windows.h>
 5: 
 6: /*top*/
 7: int t() { void ((*volatile p)()); p = (void ((*)()))strcasecmp; return 0; }
 8: int main(int argc, char **argv)
 9: {
10:   if (argc > 1000000) {
11:     printf("%p", &t);
12:   }
13: 
14:   return 0;
15: }
/* end */

--------------------

have_func: checking for strncasecmp()... -------------------- yes

"gcc -o conftest -IC:/RailsInstaller/Ruby1.9.3/include/ruby-1.9.1/i386-mingw32 -IC:/RailsInstaller/Ruby1.9.3/include/ruby-1.9.1/ruby/backward -IC:/RailsInstaller/Ruby1.9.3/include/ruby-1.9.1 -I. -DFD_SETSIZE=2048  -DFD_SETSIZE=2048 -DVERSION=\"2.0.9\"  -O3 -fno-omit-frame-pointer -g -Wall -Wextra -Wno-unused-parameter -Wno-parentheses -Wno-long-long -Wno-missing-field-initializers -Wpointer-arith -Wwrite-strings -Wdeclaration-after-statement -Wimplicit-function-declaration -I. conftest.c  -L. -LC:/RailsInstaller/Ruby1.9.3/lib -L.   -march=i486   -lmsvcrt-ruby191  -lshell32 -lws2_32 -limagehlp -lshlwapi  "
checked program was:
/* begin */
 1: #include "ruby.h"
 2: 
 3: #include <winsock2.h>
 4: #include <windows.h>
 5: 
 6: /*top*/
 7: int t() { void ((*volatile p)()); p = (void ((*)()))strncasecmp; return 0; }
 8: int main(int argc, char **argv)
 9: {
10:   if (argc > 1000000) {
11:     printf("%p", &t);
12:   }
13: 
14:   return 0;
15: }
/* end */

--------------------

have_header: checking for mkdio.h... -------------------- yes

"gcc -E -IC:/RailsInstaller/Ruby1.9.3/include/ruby-1.9.1/i386-mingw32 -IC:/RailsInstaller/Ruby1.9.3/include/ruby-1.9.1/ruby/backward -IC:/RailsInstaller/Ruby1.9.3/include/ruby-1.9.1 -I. -DFD_SETSIZE=2048  -DFD_SETSIZE=2048 -DVERSION=\"2.0.9\"  -O3 -fno-omit-frame-pointer -g -Wall -Wextra -Wno-unused-parameter -Wno-parentheses -Wno-long-long -Wno-missing-field-initializers -Wpointer-arith -Wwrite-strings -Wdeclaration-after-statement -Wimplicit-function-declaration -I.  conftest.c -o conftest.i"
checked program was:
/* begin */
1: #include "ruby.h"
2: 
3: #include <winsock2.h>
4: #include <windows.h>
5: #include <mkdio.h>
/* end */

--------------------

have_header: checking for ruby/encoding.h... -------------------- yes

"gcc -E -IC:/RailsInstaller/Ruby1.9.3/include/ruby-1.9.1/i386-mingw32 -IC:/RailsInstaller/Ruby1.9.3/include/ruby-1.9.1/ruby/backward -IC:/RailsInstaller/Ruby1.9.3/include/ruby-1.9.1 -I. -DFD_SETSIZE=2048  -DFD_SETSIZE=2048 -DVERSION=\"2.0.9\"  -O3 -fno-omit-frame-pointer -g -Wall -Wextra -Wno-unused-parameter -Wno-parentheses -Wno-long-long -Wno-missing-field-initializers -Wpointer-arith -Wwrite-strings -Wdeclaration-after-statement -Wimplicit-function-declaration -I.  conftest.c -o conftest.i"
checked program was:
/* begin */
1: #include "ruby.h"
2: 
3: #include <winsock2.h>
4: #include <windows.h>
5: #include <ruby/encoding.h>
/* end */

--------------------

extconf.h is:
/* begin */
1: #ifndef EXTCONF_H
2: #define EXTCONF_H
3: #define HAVE_SRAND 1
4: #define HAVE_RAND 1
5: #define HAVE_STRCASECMP 1
6: #define HAVE_STRNCASECMP 1
7: #define HAVE_MKDIO_H 1
8: #define HAVE_RUBY_ENCODING_H 1
9: #endif
/* end */

